This is pdfTeXk, Version 3.1415926-1.40.9 (Web2C 7.5.7) (format=latex 2008.11.9)  12 NOV 2009 21:22
entering extended mode
 %&-line parsing enabled.
**report.tex
(./report.tex
LaTeX2e <2005/12/01>
Babel <v3.8l> and hyphenation patterns for english, usenglishmax, dumylang, noh
yphenation, german-x-2008-06-18, ngerman-x-2008-06-18, ancientgreek, ibycus, ar
abic, basque, bulgarian, catalan, pinyin, coptic, croatian, czech, danish, dutc
h, esperanto, estonian, farsi, finnish, french, galician, german, ngerman, mono
greek, greek, hungarian, icelandic, indonesian, interlingua, irish, italian, la
tin, mongolian, mongolian2a, bokmal, nynorsk, polish, portuguese, romanian, rus
sian, sanskrit, serbian, slovak, slovenian, spanish, swedish, turkish, ukenglis
h, ukrainian, uppersorbian, welsh, loaded.
(/usr/local/texlive/2008/texmf-dist/tex/latex/base/article.cls
Document Class: article 2005/09/16 v1.4f Standard LaTeX document class
(/usr/local/texlive/2008/texmf-dist/tex/latex/base/size10.clo
File: size10.clo 2005/09/16 v1.4f Standard LaTeX file (size option)
)
\c@part=\count79
\c@section=\count80
\c@subsection=\count81
\c@subsubsection=\count82
\c@paragraph=\count83
\c@subparagraph=\count84
\c@figure=\count85
\c@table=\count86
\abovecaptionskip=\skip41
\belowcaptionskip=\skip42
\bibindent=\dimen102
)
(/usr/local/texlive/2008/texmf-dist/tex/latex/base/fontenc.sty
Package: fontenc 2005/09/27 v1.99g Standard LaTeX package

(/usr/local/texlive/2008/texmf-dist/tex/latex/base/t1enc.def
File: t1enc.def 2005/09/27 v1.99g Standard LaTeX file
LaTeX Font Info:    Redeclaring font encoding T1 on input line 43.
))
(/usr/local/texlive/2008/texmf-dist/tex/latex/textpos/textpos.sty
Package: textpos 2007/03/30 v1.7d

Package: `textpos' 1.7d <2007 March 30>
(/usr/local/texlive/2008/texmf-dist/tex/latex/ms/everyshi.sty
Package: everyshi 2001/05/15 v3.00 EveryShipout Package (MS)
)
\TP@textbox=\box26
\TP@holdbox=\box27
\TPHorizModule=\dimen103
\TPVertModule=\dimen104
\TP@margin=\dimen105
\TP@absmargin=\dimen106

Grid set 16 x 16 = 37.34424pt x 52.81541pt
\TPboxrulesize=\dimen107
\TP@ox=\dimen108
\TP@oy=\dimen109
\TP@tbargs=\toks14
\TP@prevdepth=\dimen110
TextBlockOrigin set to 0pt x 0pt
) (/usr/local/texlive/2008/texmf-dist/tex/latex/cjk/CJK.sty
Package: CJK 2008/08/10 4.8.1

(/usr/local/texlive/2008/texmf-dist/tex/latex/cjk/mule/MULEenc.sty
Package: MULEenc 2008/08/10 4.8.1
)
(/usr/local/texlive/2008/texmf-dist/tex/latex/cjk/CJK.enc
File: CJK.enc 2008/08/10 4.8.1
)
LaTeX Info: Redefining \selectfont on input line 748.
\CJK@indent=\box28
)
TextBlockOrigin set to 0.00cm x 10.05cm
(/usr/local/texlive/2008/texmf-dist/tex/generic/texdraw/texdraw.sty
(/usr/local/texlive/2008/texmf-dist/tex/latex/graphics/graphics.sty
Package: graphics 2006/02/20 v1.0o Standard LaTeX Graphics (DPC,SPQR)

(/usr/local/texlive/2008/texmf-dist/tex/latex/graphics/trig.sty
Package: trig 1999/03/16 v1.09 sin cos tan (DPC)
)
(/usr/local/texlive/2008/texmf/tex/latex/config/graphics.cfg
File: graphics.cfg 2007/01/18 v1.5 graphics configuration of teTeX/TeXLive
)
Package graphics Info: Driver file: dvips.def on input line 90.

(/usr/local/texlive/2008/texmf-dist/tex/latex/graphics/dvips.def
File: dvips.def 1999/02/16 v3.0i Driver-dependant file (DPC,SPQR)
))
(/usr/local/texlive/2008/texmf-dist/tex/generic/texdraw/texdraw.tex
\t@counta=\count87
\t@countb=\count88
\t@countc=\count89
\t@countd=\count90
\t@counte=\count91
\t@pixa=\count92
\t@pixb=\count93
\t@pixc=\count94
\t@pixd=\count95
\t@xpos=\dimen111
\t@ypos=\dimen112
\xminpix=\count96
\xmaxpix=\count97
\yminpix=\count98
\ymaxpix=\count99
\a@lenpix=\count100
\a@widpix=\count101
\x@pix=\count102
\y@pix=\count103
\x@segoffpix=\count104
\y@segoffpix=\count105
\x@savepix=\count106
\y@savepix=\count107
\s@ppix=\count108
\d@bs=\count109
\t@xdnum=\count110
\t@xdbox=\box29
\drawfile=\write3
\everytexdraw=\toks15
)
Package: texdraw 1995/12/19 TeXdraw V2R0
)
(./report.aux)
\openout1 = `report.aux'.

LaTeX Font Info:    Checking defaults for OML/cmm/m/it on input line 24.
LaTeX Font Info:    ... okay on input line 24.
LaTeX Font Info:    Checking defaults for T1/cmr/m/n on input line 24.
LaTeX Font Info:    ... okay on input line 24.
LaTeX Font Info:    Checking defaults for OT1/cmr/m/n on input line 24.
LaTeX Font Info:    ... okay on input line 24.
LaTeX Font Info:    Checking defaults for OMS/cmsy/m/n on input line 24.
LaTeX Font Info:    ... okay on input line 24.
LaTeX Font Info:    Checking defaults for OMX/cmex/m/n on input line 24.
LaTeX Font Info:    ... okay on input line 24.
LaTeX Font Info:    Checking defaults for U/cmr/m/n on input line 24.
LaTeX Font Info:    ... okay on input line 24.
LaTeX Font Info:    Checking defaults for C00/song/m/n on input line 24.
LaTeX Font Info:    ... okay on input line 24.
LaTeX Font Info:    Checking defaults for C05/song/m/n on input line 24.
LaTeX Font Info:    ... okay on input line 24.
LaTeX Font Info:    Checking defaults for C09/song/m/n on input line 24.
LaTeX Font Info:    ... okay on input line 24.
LaTeX Font Info:    Checking defaults for C10/song/m/n on input line 24.
LaTeX Font Info:    ... okay on input line 24.
LaTeX Font Info:    Checking defaults for C20/song/m/n on input line 24.
LaTeX Font Info:    ... okay on input line 24.
LaTeX Font Info:    Checking defaults for C19/song/m/n on input line 24.
LaTeX Font Info:    ... okay on input line 24.
LaTeX Font Info:    Checking defaults for C40/song/m/n on input line 24.
LaTeX Font Info:    ... okay on input line 24.
LaTeX Font Info:    Checking defaults for C42/song/m/n on input line 24.
LaTeX Font Info:    ... okay on input line 24.
LaTeX Font Info:    Checking defaults for C43/song/m/n on input line 24.
LaTeX Font Info:    ... okay on input line 24.
LaTeX Font Info:    Checking defaults for C50/song/m/n on input line 24.
LaTeX Font Info:    ... okay on input line 24.
LaTeX Font Info:    Checking defaults for C52/song/m/n on input line 24.
LaTeX Font Info:    ... okay on input line 24.
LaTeX Font Info:    Checking defaults for C49/song/m/n on input line 24.
LaTeX Font Info:    ... okay on input line 24.
LaTeX Font Info:    Checking defaults for C60/mj/m/n on input line 24.
LaTeX Font Info:    ... okay on input line 24.
LaTeX Font Info:    Checking defaults for C61/mj/m/n on input line 24.
LaTeX Font Info:    ... okay on input line 24.
LaTeX Font Info:    Checking defaults for C63/mj/m/n on input line 24.
LaTeX Font Info:    ... okay on input line 24.
LaTeX Font Info:    Checking defaults for C64/mj/m/n on input line 24.
LaTeX Font Info:    ... okay on input line 24.
LaTeX Font Info:    Checking defaults for C65/mj/m/n on input line 24.
LaTeX Font Info:    ... okay on input line 24.
LaTeX Font Info:    Checking defaults for C70/song/m/n on input line 24.
LaTeX Font Info:    ... okay on input line 24.
LaTeX Font Info:    Checking defaults for C31/song/m/n on input line 24.
LaTeX Font Info:    ... okay on input line 24.
LaTeX Font Info:    Checking defaults for C32/song/m/n on input line 24.
LaTeX Font Info:    ... okay on input line 24.
LaTeX Font Info:    Checking defaults for C33/song/m/n on input line 24.
LaTeX Font Info:    ... okay on input line 24.
LaTeX Font Info:    Checking defaults for C34/song/m/n on input line 24.
LaTeX Font Info:    ... okay on input line 24.
LaTeX Font Info:    Checking defaults for C35/song/m/n on input line 24.
LaTeX Font Info:    ... okay on input line 24.
LaTeX Font Info:    Checking defaults for C36/song/m/n on input line 24.
LaTeX Font Info:    ... okay on input line 24.
LaTeX Font Info:    Checking defaults for C37/song/m/n on input line 24.
LaTeX Font Info:    ... okay on input line 24.
LaTeX Font Info:    Checking defaults for C80/song/m/n on input line 24.
LaTeX Font Info:    ... okay on input line 24.
LaTeX Font Info:    Checking defaults for C81/song/m/n on input line 24.
LaTeX Font Info:    ... okay on input line 24.
LaTeX Font Info:    Checking defaults for C01/song/m/n on input line 24.
LaTeX Font Info:    ... okay on input line 24.
LaTeX Font Info:    Checking defaults for C11/song/m/n on input line 24.
LaTeX Font Info:    ... okay on input line 24.
LaTeX Font Info:    Checking defaults for C21/song/m/n on input line 24.
LaTeX Font Info:    ... okay on input line 24.
LaTeX Font Info:    Checking defaults for C41/song/m/n on input line 24.
LaTeX Font Info:    ... okay on input line 24.
LaTeX Font Info:    Checking defaults for C62/song/m/n on input line 24.
LaTeX Font Info:    ... okay on input line 24.
 ABD: EveryShipout initializing macros
(/usr/local/texlive/2008/texmf-dist/tex/latex/cjk/UTF8/UTF8.bdg
File: UTF8.bdg 2008/08/10 4.8.1
)
(/usr/local/texlive/2008/texmf-dist/tex/latex/cjk/UTF8/UTF8.enc
File: UTF8.enc 2008/08/10 4.8.1
)
(/usr/local/texlive/2008/texmf-dist/tex/latex/cjk/UTF8/UTF8.chr
File: UTF8.chr 2008/08/10 4.8.1
)
LaTeX Font Info:    Try loading font information for C70+song on input line 29.


(/usr/local/texlive/2008/texmf-dist/tex/latex/cjk/UTF8/c70song.fd
File: c70song.fd 2008/08/10 4.8.1
)
Underfull \hbox (badness 10000) in paragraph at lines 29--30

 []


Underfull \hbox (badness 10000) in paragraph at lines 36--36

 []


Underfull \hbox (badness 10000) in paragraph at lines 36--36

 []


Overfull \hbox (26.55893pt too wide) in paragraph at lines 36--37
[][]
 []


Underfull \hbox (badness 10000) in paragraph at lines 36--37

 []


Underfull \hbox (badness 10000) in paragraph at lines 44--44

 []


Underfull \hbox (badness 10000) in paragraph at lines 44--44
\T1/cmr/m/n/10 Orange. Philip(7)
 []


Underfull \hbox (badness 10000) in paragraph at lines 44--44
\T1/cmr/m/n/10 Kenny(4) Howard(7)
 []


Underfull \hbox (badness 2591) in paragraph at lines 44--44
\T1/cmr/m/n/10 DarkGreen. Allen(5)
 []


Underfull \hbox (badness 6825) in paragraph at lines 44--44
\T1/cmr/m/n/10 Eva(8) Lisa(6) Yong-
 []


Underfull \hbox (badness 2359) in paragraph at lines 44--44
\T1/cmr/m/n/10 DarkBlue. Yi-Fan(8)
 []


Underfull \hbox (badness 10000) in paragraph at lines 44--44
\T1/cmr/m/n/10 Stew-art(8) Gladys(6)
 []


Underfull \hbox (badness 5119) in paragraph at lines 44--44
\T1/cmr/m/n/10 Jie(8) Lisa(9) Jeff(7).
 []


Underfull \hbox (badness 5133) in paragraph at lines 44--44
\T1/cmr/m/n/10 LightGreen. Phil(8)
 []


Underfull \hbox (badness 10000) in paragraph at lines 44--44
\T1/cmr/m/n/10 Ken(9) Meng-sun(9)
 []


Underfull \hbox (badness 10000) in paragraph at lines 44--44

 []


Underfull \hbox (badness 10000) in paragraph at lines 52--52

 []


Underfull \hbox (badness 10000) in paragraph at lines 52--52

 []


Underfull \hbox (badness 10000) in paragraph at lines 60--60

 []


Underfull \hbox (badness 10000) in paragraph at lines 60--60

 []


Overfull \hbox (14.55424pt too wide) in paragraph at lines 57--61
[]  []
 []


Underfull \hbox (badness 10000) in paragraph at lines 57--61

 []

[1

] (./report.aux) ) 
Here is how much of TeX's memory you used:
 1885 strings out of 493887
 20288 string characters out of 1151143
 79797 words of memory out of 3000000
 5172 multiletter control sequences out of 10000+50000
 10440 words of font info for 29 fonts, out of 3000000 for 5000
 714 hyphenation exceptions out of 8191
 25i,6n,25p,772b,407s stack positions out of 5000i,500n,10000p,200000b,50000s

Output written on report.dvi (1 page, 3876 bytes).
