This is pdfTeXk, Version 3.1415926-1.40.9 (Web2C 7.5.7) (format=latex 2008.11.9)  12 MAR 2009 07:57
entering extended mode
 %&-line parsing enabled.
**citrus1.tex
(./citrus1.tex
LaTeX2e <2005/12/01>
Babel <v3.8l> and hyphenation patterns for english, usenglishmax, dumylang, noh
yphenation, german-x-2008-06-18, ngerman-x-2008-06-18, ancientgreek, ibycus, ar
abic, basque, bulgarian, catalan, pinyin, coptic, croatian, czech, danish, dutc
h, esperanto, estonian, farsi, finnish, french, galician, german, ngerman, mono
greek, greek, hungarian, icelandic, indonesian, interlingua, irish, italian, la
tin, mongolian, mongolian2a, bokmal, nynorsk, polish, portuguese, romanian, rus
sian, sanskrit, serbian, slovak, slovenian, spanish, swedish, turkish, ukenglis
h, ukrainian, uppersorbian, welsh, loaded.
(/usr/local/texlive/2008/texmf-dist/tex/latex/base/article.cls
Document Class: article 2005/09/16 v1.4f Standard LaTeX document class
(/usr/local/texlive/2008/texmf-dist/tex/latex/base/size10.clo
File: size10.clo 2005/09/16 v1.4f Standard LaTeX file (size option)
)
\c@part=\count79
\c@section=\count80
\c@subsection=\count81
\c@subsubsection=\count82
\c@paragraph=\count83
\c@subparagraph=\count84
\c@figure=\count85
\c@table=\count86
\abovecaptionskip=\skip41
\belowcaptionskip=\skip42
\bibindent=\dimen102
)
(/usr/local/texlive/2008/texmf-dist/tex/latex/base/fontenc.sty
Package: fontenc 2005/09/27 v1.99g Standard LaTeX package

(/usr/local/texlive/2008/texmf-dist/tex/latex/base/t1enc.def
File: t1enc.def 2005/09/27 v1.99g Standard LaTeX file
LaTeX Font Info:    Redeclaring font encoding T1 on input line 43.
))
(/usr/local/texlive/2008/texmf-dist/tex/latex/textpos/textpos.sty
Package: textpos 2007/03/30 v1.7d

Package: `textpos' 1.7d <2007 March 30>
(/usr/local/texlive/2008/texmf-dist/tex/latex/ms/everyshi.sty
Package: everyshi 2001/05/15 v3.00 EveryShipout Package (MS)
)
\TP@textbox=\box26
\TP@holdbox=\box27
\TPHorizModule=\dimen103
\TPVertModule=\dimen104
\TP@margin=\dimen105
\TP@absmargin=\dimen106

Grid set 16 x 16 = 37.34424pt x 52.81541pt
\TPboxrulesize=\dimen107
\TP@ox=\dimen108
\TP@oy=\dimen109
\TP@tbargs=\toks14
\TP@prevdepth=\dimen110
TextBlockOrigin set to 0pt x 0pt
)
TextBlockOrigin set to 0.00cm x 0.00cm
(/usr/local/texlive/2008/texmf-dist/tex/generic/texdraw/texdraw.sty
(/usr/local/texlive/2008/texmf-dist/tex/latex/graphics/graphics.sty
Package: graphics 2006/02/20 v1.0o Standard LaTeX Graphics (DPC,SPQR)

(/usr/local/texlive/2008/texmf-dist/tex/latex/graphics/trig.sty
Package: trig 1999/03/16 v1.09 sin cos tan (DPC)
)
(/usr/local/texlive/2008/texmf/tex/latex/config/graphics.cfg
File: graphics.cfg 2007/01/18 v1.5 graphics configuration of teTeX/TeXLive
)
Package graphics Info: Driver file: dvips.def on input line 90.

(/usr/local/texlive/2008/texmf-dist/tex/latex/graphics/dvips.def
File: dvips.def 1999/02/16 v3.0i Driver-dependant file (DPC,SPQR)
))
(/usr/local/texlive/2008/texmf-dist/tex/generic/texdraw/texdraw.tex
\t@counta=\count87
\t@countb=\count88
\t@countc=\count89
\t@countd=\count90
\t@counte=\count91
\t@pixa=\count92
\t@pixb=\count93
\t@pixc=\count94
\t@pixd=\count95
\t@xpos=\dimen111
\t@ypos=\dimen112
\xminpix=\count96
\xmaxpix=\count97
\yminpix=\count98
\ymaxpix=\count99
\a@lenpix=\count100
\a@widpix=\count101
\x@pix=\count102
\y@pix=\count103
\x@segoffpix=\count104
\y@segoffpix=\count105
\x@savepix=\count106
\y@savepix=\count107
\s@ppix=\count108
\d@bs=\count109
\t@xdnum=\count110
\t@xdbox=\box28
\drawfile=\write3
\everytexdraw=\toks15
)
Package: texdraw 1995/12/19 TeXdraw V2R0
)
No file citrus1.aux.
\openout1 = `citrus1.aux'.

LaTeX Font Info:    Checking defaults for OML/cmm/m/it on input line 37.
LaTeX Font Info:    ... okay on input line 37.
LaTeX Font Info:    Checking defaults for T1/cmr/m/n on input line 37.
LaTeX Font Info:    ... okay on input line 37.
LaTeX Font Info:    Checking defaults for OT1/cmr/m/n on input line 37.
LaTeX Font Info:    ... okay on input line 37.
LaTeX Font Info:    Checking defaults for OMS/cmsy/m/n on input line 37.
LaTeX Font Info:    ... okay on input line 37.
LaTeX Font Info:    Checking defaults for OMX/cmex/m/n on input line 37.
LaTeX Font Info:    ... okay on input line 37.
LaTeX Font Info:    Checking defaults for U/cmr/m/n on input line 37.
LaTeX Font Info:    ... okay on input line 37.
ABD: EveryShipout initializing macros
LaTeX Font Info:    Try loading font information for T1+hlst on input line 38.
LaTeX Font Info:    No file T1hlst.fd. on input line 38.


LaTeX Font Warning: Font shape `T1/hlst/b/n' undefined
(Font)              using `T1/cmr/m/n' instead on input line 38.

LaTeX Font Info:    External font `cmex10' loaded for size
(Font)              <14.4> on input line 46.
LaTeX Font Info:    External font `cmex10' loaded for size
(Font)              <7> on input line 46.

Underfull \hbox (badness 10000) in paragraph at lines 46--46

 []


Underfull \hbox (badness 10000) in paragraph at lines 53--53

 []


Underfull \hbox (badness 10000) in paragraph at lines 60--60

 []


Underfull \hbox (badness 10000) in paragraph at lines 67--67

 []


Underfull \hbox (badness 10000) in paragraph at lines 74--74

 []


Underfull \hbox (badness 10000) in paragraph at lines 81--81

 []


Underfull \hbox (badness 10000) in paragraph at lines 88--88

 []


Underfull \hbox (badness 10000) in paragraph at lines 95--95

 []

[1

] (./citrus1.aux)

LaTeX Font Warning: Some font shapes were not available, defaults substituted.

 ) 
Here is how much of TeX's memory you used:
 906 strings out of 493887
 9739 string characters out of 1151143
 64600 words of memory out of 3000000
 4228 multiletter control sequences out of 10000+50000
 6849 words of font info for 20 fonts, out of 3000000 for 5000
 714 hyphenation exceptions out of 8191
 25i,5n,29p,277b,223s stack positions out of 5000i,500n,10000p,200000b,50000s

Output written on citrus1.dvi (1 page, 4216 bytes).
